2025-02-13 16:54:52.505 [info] Log level: Info
2025-02-13 16:54:52.505 [info] Validating found git in: "git"
2025-02-13 16:54:52.505 [info] Using git "2.39.5" from "git"
2025-02-13 16:54:52.505 [info] > git rev-parse --show-toplevel [22ms]
2025-02-13 16:54:52.505 [info] > git rev-parse --git-dir --git-common-dir [4ms]
2025-02-13 16:54:52.505 [info] Open repository: /home/shashank/streamlit
2025-02-13 16:54:52.515 [info] > git rev-parse --show-toplevel [24ms]
2025-02-13 16:54:52.518 [info] > git config --get commit.template [40ms]
2025-02-13 16:54:52.561 [info] > git rev-parse --show-toplevel [25ms]
2025-02-13 16:54:52.580 [info] > git for-each-ref --format=%(refname)%00%(upstream:short)%00%(objectname)%00%(upstream:track)%00%(upstream:remotename)%00%(upstream:remoteref) refs/heads/main refs/remotes/main [27ms]
2025-02-13 16:54:52.587 [info] > git rev-parse --show-toplevel [10ms]
2025-02-13 16:54:52.621 [info] > git rev-parse --show-toplevel [4ms]
2025-02-13 16:54:52.736 [info] > git status -z -uall [73ms]
2025-02-13 16:54:52.804 [info] > git merge-base refs/heads/main refs/remotes/origin/main [47ms]
2025-02-13 16:54:52.837 [info] > git config --get commit.template [34ms]
2025-02-13 16:54:52.861 [info] > git rev-list --count --left-right refs/heads/main...refs/remotes/origin/main [33ms]
2025-02-13 16:54:52.900 [info] > git for-each-ref --format=%(refname)%00%(upstream:short)%00%(objectname)%00%(upstream:track)%00%(upstream:remotename)%00%(upstream:remoteref) refs/heads/main refs/remotes/main [41ms]
2025-02-13 16:54:52.903 [info] > git diff --name-status -z --diff-filter=ADMR 5047f83bf7e2a0d8024f04b5c82c80ba052d9ca0...refs/remotes/origin/main [27ms]
2025-02-13 16:54:52.974 [info] > git status -z -uall [51ms]
2025-02-13 16:54:53.030 [info] > git check-ignore -v -z --stdin [5ms]
2025-02-13 16:55:37.378 [info] > git check-ignore -v -z --stdin [6ms]
2025-02-13 16:55:38.943 [info] > git show --textconv :Streamlit/Dockerfile [20ms]
2025-02-13 16:55:38.947 [info] > git ls-files --stage -- /home/shashank/streamlit/Streamlit/Dockerfile [7ms]
2025-02-13 16:55:38.964 [info] > git cat-file -s 830f9da66c9f21e3ecfa171edd6ba79c1b3b94fa [3ms]
2025-02-13 16:55:56.583 [info] > git show --textconv :Streamlit/Dockerfile [21ms]
2025-02-13 16:55:56.587 [info] > git ls-files --stage -- /home/shashank/streamlit/Streamlit/Dockerfile [6ms]
2025-02-13 16:55:56.607 [info] > git cat-file -s 830f9da66c9f21e3ecfa171edd6ba79c1b3b94fa [3ms]
2025-02-13 16:56:40.386 [info] > git show --textconv :Streamlit/Dockerfile [39ms]
2025-02-13 16:56:40.394 [info] > git ls-files --stage -- /home/shashank/streamlit/Streamlit/Dockerfile [18ms]
2025-02-13 16:56:40.419 [info] > git cat-file -s 830f9da66c9f21e3ecfa171edd6ba79c1b3b94fa [4ms]
2025-02-13 16:57:08.465 [info] > git check-ignore -v -z --stdin [8ms]
2025-02-13 16:57:17.235 [info] > git show --textconv :Streamlit/setupFiles/Dockerfile [34ms]
2025-02-13 16:57:17.242 [info] > git ls-files --stage -- /home/shashank/streamlit/Streamlit/setupFiles/Dockerfile [14ms]
2025-02-13 16:57:17.271 [info] > git cat-file -s bab4afaa21b6d53b781997ac0549eb76fbfe3c9f [5ms]
2025-02-13 16:57:28.653 [info] > git show --textconv :Streamlit/Dockerfile [21ms]
2025-02-13 16:57:28.659 [info] > git ls-files --stage -- /home/shashank/streamlit/Streamlit/Dockerfile [9ms]
2025-02-13 16:57:28.681 [info] > git cat-file -s 830f9da66c9f21e3ecfa171edd6ba79c1b3b94fa [4ms]
2025-02-13 16:57:37.274 [info] > git show --textconv :Streamlit/setupFiles/Dockerfile [34ms]
2025-02-13 16:57:37.279 [info] > git ls-files --stage -- /home/shashank/streamlit/Streamlit/setupFiles/Dockerfile [9ms]
2025-02-13 16:57:37.310 [info] > git cat-file -s bab4afaa21b6d53b781997ac0549eb76fbfe3c9f [9ms]
2025-02-13 16:57:38.153 [info] > git config --get commit.template [38ms]
2025-02-13 16:57:38.159 [info] > git for-each-ref --format=%(refname)%00%(upstream:short)%00%(objectname)%00%(upstream:track)%00%(upstream:remotename)%00%(upstream:remoteref) refs/heads/main refs/remotes/main [13ms]
2025-02-13 16:57:38.230 [info] > git status -z -uall [45ms]
2025-02-13 16:57:46.498 [info] > git check-ignore -v -z --stdin [5ms]
2025-02-13 16:57:51.143 [info] > git show --textconv :Streamlit/setupFiles/README.md [74ms]
2025-02-13 16:57:51.144 [info] > git ls-files --stage -- /home/shashank/streamlit/Streamlit/setupFiles/README.md [56ms]
2025-02-13 16:57:51.185 [info] > git cat-file -s 10dbdedd6091a3294db9b16630bff83dfd502266 [10ms]
2025-02-13 16:57:55.187 [info] > git check-ignore -v -z --stdin [2ms]
2025-02-13 16:57:55.806 [info] > git config --get commit.template [40ms]
2025-02-13 16:57:55.808 [info] > git for-each-ref --format=%(refname)%00%(upstream:short)%00%(objectname)%00%(upstream:track)%00%(upstream:remotename)%00%(upstream:remoteref) refs/heads/main refs/remotes/main [12ms]
2025-02-13 16:57:55.879 [info] > git status -z -uall [45ms]
2025-02-13 16:58:00.696 [info] > git check-ignore -v -z --stdin [3ms]
2025-02-13 16:58:01.306 [info] > git config --get commit.template [41ms]
2025-02-13 16:58:01.309 [info] > git for-each-ref --format=%(refname)%00%(upstream:short)%00%(objectname)%00%(upstream:track)%00%(upstream:remotename)%00%(upstream:remoteref) refs/heads/main refs/remotes/main [11ms]
2025-02-13 16:58:01.382 [info] > git status -z -uall [45ms]
2025-02-13 16:58:29.614 [info] > git show --textconv :Streamlit/zzzstreamlitreadme/README.md [24ms]
2025-02-13 16:58:29.619 [info] > git ls-files --stage -- /home/shashank/streamlit/Streamlit/zzzstreamlitreadme/README.md [10ms]
2025-02-13 16:58:29.894 [info] > git check-ignore -v -z --stdin [3ms]
2025-02-13 16:58:30.441 [info] > git config --get commit.template [23ms]
2025-02-13 16:58:30.443 [info] > git for-each-ref --format=%(refname)%00%(upstream:short)%00%(objectname)%00%(upstream:track)%00%(upstream:remotename)%00%(upstream:remoteref) refs/heads/main refs/remotes/main [7ms]
2025-02-13 16:58:30.510 [info] > git status -z -uall [47ms]
2025-02-13 16:58:43.071 [info] > git show --textconv :docker-compose.yml [23ms]
2025-02-13 16:58:43.075 [info] > git ls-files --stage -- /home/shashank/streamlit/docker-compose.yml [8ms]
2025-02-13 16:58:43.097 [info] > git cat-file -s 0c38d4229d69fa46e370c8152269a782842eff91 [3ms]
2025-02-13 16:58:44.408 [info] > git show --textconv :Dockerfile [22ms]
2025-02-13 16:58:44.411 [info] > git ls-files --stage -- /home/shashank/streamlit/Dockerfile [6ms]
2025-02-13 16:59:56.447 [info] > git config --get commit.template [40ms]
2025-02-13 16:59:56.450 [info] > git for-each-ref --format=%(refname)%00%(upstream:short)%00%(objectname)%00%(upstream:track)%00%(upstream:remotename)%00%(upstream:remoteref) refs/heads/main refs/remotes/main [10ms]
2025-02-13 16:59:56.525 [info] > git status -z -uall [45ms]
2025-02-13 17:01:31.739 [info] > git merge-base refs/heads/main refs/remotes/origin/main [8ms]
2025-02-13 17:01:31.780 [info] > git rev-list --count --left-right refs/heads/main...refs/remotes/origin/main [8ms]
2025-02-13 17:01:55.555 [info] > git check-ignore -v -z --stdin [6ms]
2025-02-13 17:03:51.546 [info] > git config --get commit.template [5ms]
2025-02-13 17:03:51.573 [info] > git for-each-ref --format=%(refname)%00%(upstream:short)%00%(objectname)%00%(upstream:track)%00%(upstream:remotename)%00%(upstream:remoteref) refs/heads/main refs/remotes/main [4ms]
2025-02-13 17:03:51.642 [info] > git status -z -uall [46ms]
